Flow report for parte_c
Thu Nov 07 10:05:06 2024
Quartus II 64-Bit Version 13.0.1 Build 232 06/12/2013 Service Pack 1 SJ Web Edition


---------------------
; Table of Contents ;
---------------------
  1. Legal Notice
  2. Flow Summary
  3. Flow Settings
  4. Flow Non-Default Global Settings
  5. Flow Elapsed Time
  6. Flow OS Summary
  7. Flow Log
  8. Flow Messages
  9. Flow Suppressed Messages



----------------
; Legal Notice ;
----------------
Copyright (C) 1991-2013 Altera Corporation
Your use of Altera Corporation's design tools, logic functions 
and other software and tools, and its AMPP partner logic 
functions, and any output files from any of the foregoing 
(including device programming or simulation files), and any 
associated documentation or information are expressly subject 
to the terms and conditions of the Altera Program License 
Subscription Agreement, Altera MegaCore Function License 
Agreement, or other applicable license agreement, including, 
without limitation, that your use is for the sole purpose of 
programming logic devices manufactured by Altera and sold by 
Altera or its authorized distributors.  Please refer to the 
applicable agreement for further details.



+--------------------------------------------------------------------------------------+
; Flow Summary                                                                         ;
+------------------------------------+-------------------------------------------------+
; Flow Status                        ; Successful - Thu Nov 07 10:05:06 2024           ;
; Quartus II 64-Bit Version          ; 13.0.1 Build 232 06/12/2013 SP 1 SJ Web Edition ;
; Revision Name                      ; parte_c                                         ;
; Top-level Entity Name              ; Restador_Completo_4b                            ;
; Family                             ; Cyclone III                                     ;
; Device                             ; EP3C120F780C7                                   ;
; Timing Models                      ; Final                                           ;
; Total logic elements               ; 16 / 119,088 ( < 1 % )                          ;
;     Total combinational functions  ; 10 / 119,088 ( < 1 % )                          ;
;     Dedicated logic registers      ; 13 / 119,088 ( < 1 % )                          ;
; Total registers                    ; 13                                              ;
; Total pins                         ; 15 / 532 ( 3 % )                                ;
; Total virtual pins                 ; 0                                               ;
; Total memory bits                  ; 0 / 3,981,312 ( 0 % )                           ;
; Embedded Multiplier 9-bit elements ; 0 / 576 ( 0 % )                                 ;
; Total PLLs                         ; 0 / 4 ( 0 % )                                   ;
+------------------------------------+-------------------------------------------------+


+-----------------------------------------+
; Flow Settings                           ;
+-------------------+---------------------+
; Option            ; Setting             ;
+-------------------+---------------------+
; Start date & time ; 11/07/2024 10:04:44 ;
; Main task         ; Compilation         ;
; Revision Name     ; parte_c             ;
+-------------------+---------------------+


+----------------------------------------------------------------------------------------------------------------------------------------------+
; Flow Non-Default Global Settings                                                                                                             ;
+--------------------------------------+---------------------------------------+---------------+----------------------+------------------------+
; Assignment Name                      ; Value                                 ; Default Value ; Entity Name          ; Section Id             ;
+--------------------------------------+---------------------------------------+---------------+----------------------+------------------------+
; COMPILER_SIGNATURE_ID                ; 27214208403369.173098468402904        ; --            ; --                   ; --                     ;
; EDA_DESIGN_INSTANCE_NAME             ; uut                                   ; --            ; --                   ; Restador_Completo_4b_t ;
; EDA_GENERATE_FUNCTIONAL_NETLIST      ; Off                                   ; --            ; --                   ; eda_simulation         ;
; EDA_NATIVELINK_SIMULATION_TEST_BENCH ; Restador_Completo_4b_t                ; --            ; --                   ; eda_simulation         ;
; EDA_OUTPUT_DATA_FORMAT               ; Vhdl                                  ; --            ; --                   ; eda_simulation         ;
; EDA_SIMULATION_TOOL                  ; ModelSim-Altera (VHDL)                ; <None>        ; --                   ; --                     ;
; EDA_TEST_BENCH_ENABLE_STATUS         ; TEST_BENCH_MODE                       ; --            ; --                   ; eda_simulation         ;
; EDA_TEST_BENCH_FILE                  ; Restador_Completo_4b_t.vhd            ; --            ; --                   ; Restador_Completo_4b_t ;
; EDA_TEST_BENCH_MODULE_NAME           ; Restador_Completo_4b_t                ; --            ; --                   ; Restador_Completo_4b_t ;
; EDA_TEST_BENCH_NAME                  ; Restador_Completo_4b_t                ; --            ; --                   ; eda_simulation         ;
; EDA_TIME_SCALE                       ; 1 ps                                  ; --            ; --                   ; eda_simulation         ;
; MAX_CORE_JUNCTION_TEMP               ; 85                                    ; --            ; --                   ; --                     ;
; MIN_CORE_JUNCTION_TEMP               ; 0                                     ; --            ; --                   ; --                     ;
; NOMINAL_CORE_SUPPLY_VOLTAGE          ; 1.2V                                  ; --            ; --                   ; --                     ;
; PARTITION_COLOR                      ; 16764057                              ; --            ; Restador_Completo_4b ; Top                    ;
; PARTITION_FITTER_PRESERVATION_LEVEL  ; PLACEMENT_AND_ROUTING                 ; --            ; Restador_Completo_4b ; Top                    ;
; PARTITION_NETLIST_TYPE               ; SOURCE                                ; --            ; Restador_Completo_4b ; Top                    ;
; POWER_BOARD_THERMAL_MODEL            ; None (CONSERVATIVE)                   ; --            ; --                   ; --                     ;
; POWER_PRESET_COOLING_SOLUTION        ; 23 MM HEAT SINK WITH 200 LFPM AIRFLOW ; --            ; --                   ; --                     ;
; PROJECT_OUTPUT_DIRECTORY             ; output_files                          ; --            ; --                   ; --                     ;
; TOP_LEVEL_ENTITY                     ; Restador_Completo_4b                  ; parte_c       ; --                   ; --                     ;
+--------------------------------------+---------------------------------------+---------------+----------------------+------------------------+


+-------------------------------------------------------------------------------------------------------------------------------+
; Flow Elapsed Time                                                                                                             ;
+---------------------------+--------------+-------------------------+---------------------+------------------------------------+
; Module Name               ; Elapsed Time ; Average Processors Used ; Peak Virtual Memory ; Total CPU Time (on all processors) ;
+---------------------------+--------------+-------------------------+---------------------+------------------------------------+
; Analysis & Synthesis      ; 00:00:01     ; 1.0                     ; 4629 MB             ; 00:00:01                           ;
; Fitter                    ; 00:00:12     ; 1.0                     ; 5042 MB             ; 00:00:11                           ;
; Assembler                 ; 00:00:04     ; 1.0                     ; 4558 MB             ; 00:00:04                           ;
; TimeQuest Timing Analyzer ; 00:00:02     ; 1.0                     ; 4638 MB             ; 00:00:01                           ;
; EDA Netlist Writer        ; 00:00:01     ; 1.0                     ; 4519 MB             ; 00:00:00                           ;
; Total                     ; 00:00:20     ; --                      ; --                  ; 00:00:17                           ;
+---------------------------+--------------+-------------------------+---------------------+------------------------------------+


+----------------------------------------------------------------------------------------+
; Flow OS Summary                                                                        ;
+---------------------------+------------------+-----------+------------+----------------+
; Module Name               ; Machine Hostname ; OS Name   ; OS Version ; Processor type ;
+---------------------------+------------------+-----------+------------+----------------+
; Analysis & Synthesis      ; DESKTOP-J6IR02Q  ; Windows 7 ; 6.2        ; x86_64         ;
; Fitter                    ; DESKTOP-J6IR02Q  ; Windows 7 ; 6.2        ; x86_64         ;
; Assembler                 ; DESKTOP-J6IR02Q  ; Windows 7 ; 6.2        ; x86_64         ;
; TimeQuest Timing Analyzer ; DESKTOP-J6IR02Q  ; Windows 7 ; 6.2        ; x86_64         ;
; EDA Netlist Writer        ; DESKTOP-J6IR02Q  ; Windows 7 ; 6.2        ; x86_64         ;
+---------------------------+------------------+-----------+------------+----------------+


------------
; Flow Log ;
------------
quartus_map --read_settings_files=on --write_settings_files=off parte_c -c parte_c
quartus_fit --read_settings_files=off --write_settings_files=off parte_c -c parte_c
quartus_asm --read_settings_files=off --write_settings_files=off parte_c -c parte_c
quartus_sta parte_c -c parte_c
quartus_eda --read_settings_files=off --write_settings_files=off parte_c -c parte_c



