Flow report for parte_e
Thu Nov 07 20:58:19 2024
Quartus II 64-Bit Version 13.0.1 Build 232 06/12/2013 Service Pack 1 SJ Web Edition


---------------------
; Table of Contents ;
---------------------
  1. Legal Notice
  2. Flow Summary
  3. Flow Settings
  4. Flow Non-Default Global Settings
  5. Flow Elapsed Time
  6. Flow OS Summary
  7. Flow Log
  8. Flow Messages
  9. Flow Suppressed Messages



----------------
; Legal Notice ;
----------------
Copyright (C) 1991-2013 Altera Corporation
Your use of Altera Corporation's design tools, logic functions 
and other software and tools, and its AMPP partner logic 
functions, and any output files from any of the foregoing 
(including device programming or simulation files), and any 
associated documentation or information are expressly subject 
to the terms and conditions of the Altera Program License 
Subscription Agreement, Altera MegaCore Function License 
Agreement, or other applicable license agreement, including, 
without limitation, that your use is for the sole purpose of 
programming logic devices manufactured by Altera and sold by 
Altera or its authorized distributors.  Please refer to the 
applicable agreement for further details.



+--------------------------------------------------------------------------------------+
; Flow Summary                                                                         ;
+------------------------------------+-------------------------------------------------+
; Flow Status                        ; Successful - Thu Nov 07 20:58:19 2024           ;
; Quartus II 64-Bit Version          ; 13.0.1 Build 232 06/12/2013 SP 1 SJ Web Edition ;
; Revision Name                      ; parte_e                                         ;
; Top-level Entity Name              ; parte_e                                         ;
; Family                             ; Cyclone III                                     ;
; Device                             ; EP3C120F780C7                                   ;
; Timing Models                      ; Final                                           ;
; Total logic elements               ; 11 / 119,088 ( < 1 % )                          ;
;     Total combinational functions  ; 11 / 119,088 ( < 1 % )                          ;
;     Dedicated logic registers      ; 6 / 119,088 ( < 1 % )                           ;
; Total registers                    ; 6                                               ;
; Total pins                         ; 9 / 532 ( 2 % )                                 ;
; Total virtual pins                 ; 0                                               ;
; Total memory bits                  ; 0 / 3,981,312 ( 0 % )                           ;
; Embedded Multiplier 9-bit elements ; 0 / 576 ( 0 % )                                 ;
; Total PLLs                         ; 0 / 4 ( 0 % )                                   ;
+------------------------------------+-------------------------------------------------+


+-----------------------------------------+
; Flow Settings                           ;
+-------------------+---------------------+
; Option            ; Setting             ;
+-------------------+---------------------+
; Start date & time ; 11/07/2024 20:57:58 ;
; Main task         ; Compilation         ;
; Revision Name     ; parte_e             ;
+-------------------+---------------------+


+---------------------------------------------------------------------------------------------------------------------+
; Flow Non-Default Global Settings                                                                                    ;
+-------------------------------------+--------------------------------+---------------+-------------+----------------+
; Assignment Name                     ; Value                          ; Default Value ; Entity Name ; Section Id     ;
+-------------------------------------+--------------------------------+---------------+-------------+----------------+
; COMPILER_SIGNATURE_ID               ; 27214208403369.173102387808416 ; --            ; --          ; --             ;
; EDA_GENERATE_FUNCTIONAL_NETLIST     ; On                             ; --            ; --          ; eda_simulation ;
; EDA_OUTPUT_DATA_FORMAT              ; Verilog Hdl                    ; --            ; --          ; eda_simulation ;
; EDA_SIMULATION_TOOL                 ; ModelSim-Altera (Verilog)      ; <None>        ; --          ; --             ;
; IP_TOOL_NAME                        ; ALTFP_COMPARE                  ; --            ; --          ; --             ;
; IP_TOOL_NAME                        ; LPM_COUNTER                    ; --            ; --          ; --             ;
; IP_TOOL_NAME                        ; LPM_COUNTER                    ; --            ; --          ; --             ;
; IP_TOOL_NAME                        ; LPM_SHIFTREG                   ; --            ; --          ; --             ;
; IP_TOOL_NAME                        ; LPM_SHIFTREG                   ; --            ; --          ; --             ;
; IP_TOOL_NAME                        ; LPM_COMPARE                    ; --            ; --          ; --             ;
; IP_TOOL_VERSION                     ; 13.0                           ; --            ; --          ; --             ;
; IP_TOOL_VERSION                     ; 13.0                           ; --            ; --          ; --             ;
; IP_TOOL_VERSION                     ; 13.0                           ; --            ; --          ; --             ;
; IP_TOOL_VERSION                     ; 13.0                           ; --            ; --          ; --             ;
; IP_TOOL_VERSION                     ; 13.0                           ; --            ; --          ; --             ;
; IP_TOOL_VERSION                     ; 13.0                           ; --            ; --          ; --             ;
; MAX_CORE_JUNCTION_TEMP              ; 85                             ; --            ; --          ; --             ;
; MIN_CORE_JUNCTION_TEMP              ; 0                              ; --            ; --          ; --             ;
; MISC_FILE                           ; compare.bsf                    ; --            ; --          ; --             ;
; MISC_FILE                           ; compare.cmp                    ; --            ; --          ; --             ;
; MISC_FILE                           ; contador_M7.bsf                ; --            ; --          ; --             ;
; MISC_FILE                           ; contador_M7.cmp                ; --            ; --          ; --             ;
; MISC_FILE                           ; contadorM6.bsf                 ; --            ; --          ; --             ;
; MISC_FILE                           ; contadorM6.cmp                 ; --            ; --          ; --             ;
; MISC_FILE                           ; registroo.bsf                  ; --            ; --          ; --             ;
; MISC_FILE                           ; registroo.cmp                  ; --            ; --          ; --             ;
; MISC_FILE                           ; registrodireccion.bsf          ; --            ; --          ; --             ;
; MISC_FILE                           ; registrodireccion.cmp          ; --            ; --          ; --             ;
; MISC_FILE                           ; comp.bsf                       ; --            ; --          ; --             ;
; MISC_FILE                           ; comp.cmp                       ; --            ; --          ; --             ;
; NOMINAL_CORE_SUPPLY_VOLTAGE         ; 1.2V                           ; --            ; --          ; --             ;
; PARTITION_COLOR                     ; 16764057                       ; --            ; --          ; Top            ;
; PARTITION_FITTER_PRESERVATION_LEVEL ; PLACEMENT_AND_ROUTING          ; --            ; --          ; Top            ;
; PARTITION_NETLIST_TYPE              ; SOURCE                         ; --            ; --          ; Top            ;
; PROJECT_OUTPUT_DIRECTORY            ; output_files                   ; --            ; --          ; --             ;
+-------------------------------------+--------------------------------+---------------+-------------+----------------+


+-------------------------------------------------------------------------------------------------------------------------------+
; Flow Elapsed Time                                                                                                             ;
+---------------------------+--------------+-------------------------+---------------------+------------------------------------+
; Module Name               ; Elapsed Time ; Average Processors Used ; Peak Virtual Memory ; Total CPU Time (on all processors) ;
+---------------------------+--------------+-------------------------+---------------------+------------------------------------+
; Analysis & Synthesis      ; 00:00:01     ; 1.0                     ; 4629 MB             ; 00:00:01                           ;
; Fitter                    ; 00:00:12     ; 1.0                     ; 5040 MB             ; 00:00:11                           ;
; Assembler                 ; 00:00:04     ; 1.0                     ; 4550 MB             ; 00:00:03                           ;
; TimeQuest Timing Analyzer ; 00:00:02     ; 1.0                     ; 4644 MB             ; 00:00:01                           ;
; EDA Netlist Writer        ; 00:00:00     ; 1.0                     ; 4503 MB             ; 00:00:00                           ;
; Total                     ; 00:00:19     ; --                      ; --                  ; 00:00:16                           ;
+---------------------------+--------------+-------------------------+---------------------+------------------------------------+


+----------------------------------------------------------------------------------------+
; Flow OS Summary                                                                        ;
+---------------------------+------------------+-----------+------------+----------------+
; Module Name               ; Machine Hostname ; OS Name   ; OS Version ; Processor type ;
+---------------------------+------------------+-----------+------------+----------------+
; Analysis & Synthesis      ; DESKTOP-J6IR02Q  ; Windows 7 ; 6.2        ; x86_64         ;
; Fitter                    ; DESKTOP-J6IR02Q  ; Windows 7 ; 6.2        ; x86_64         ;
; Assembler                 ; DESKTOP-J6IR02Q  ; Windows 7 ; 6.2        ; x86_64         ;
; TimeQuest Timing Analyzer ; DESKTOP-J6IR02Q  ; Windows 7 ; 6.2        ; x86_64         ;
; EDA Netlist Writer        ; DESKTOP-J6IR02Q  ; Windows 7 ; 6.2        ; x86_64         ;
+---------------------------+------------------+-----------+------------+----------------+


------------
; Flow Log ;
------------
quartus_map --read_settings_files=on --write_settings_files=off parte_e -c parte_e
quartus_fit --read_settings_files=off --write_settings_files=off parte_e -c parte_e
quartus_asm --read_settings_files=off --write_settings_files=off parte_e -c parte_e
quartus_sta parte_e -c parte_e
quartus_eda --read_settings_files=off --write_settings_files=off parte_e -c parte_e



